<?xml version='1.0'?>
<ns2:test-suite xmlns:ns2='urn:model.allure.qatools.yandex.ru' start='1676448326135' stop='1676448341366'>
    <name>first</name>
    <title>first</title>
    <test-cases>
        <test-case start='1676448326135' status='failed' stop='1676448331784'>
            <name>test-a-1</name>
            <title>test-a-1</title>
            <labels/>
            <parameters/>
            <steps/>
            <attachments/>
            <failure>
                <message>Failed: No element found using locator: By(css selector, [name="Passwd"])</message>
                <stack-trace>NoSuchElementError: No element found using locator: By(css selector, [name="Passwd"])
                    at /usr/lib/node_modules/protractor/built/element.js:814:27
                    at ManagedPromise.invokeCallback_ (/usr/lib/node_modules/protractor/node_modules/selenium-webdriver/lib/promise.js:1376:14)
                    at TaskQueue.execute_ (/usr/lib/node_modules/protractor/node_modules/selenium-webdriver/lib/promise.js:3084:14)
                    at TaskQueue.executeNext_ (/usr/lib/node_modules/protractor/node_modules/selenium-webdriver/lib/promise.js:3067:27)
                    at /usr/lib/node_modules/protractor/node_modules/selenium-webdriver/lib/promise.js:2927:27
                    at /usr/lib/node_modules/protractor/node_modules/selenium-webdriver/lib/promise.js:668:7
                    at processTicksAndRejections (node:internal/process/task_queues:96:5)Error
                    at ElementArrayFinder.applyAction_ (/usr/lib/node_modules/protractor/built/element.js:459:27)
                    at ElementArrayFinder.&lt;computed> [as sendKeys] (/usr/lib/node_modules/protractor/built/element.js:91:29)
                    at ElementFinder.&lt;computed> [as sendKeys] (/usr/lib/node_modules/protractor/built/element.js:831:22)
                    at LoginPage.enterPassword (/home/nivrithi/nanda/git/protractor/gmail-automation/pages/loginPage.js:19:38)
                    at UserContext.&lt;anonymous> (/home/nivrithi/nanda/git/protractor/gmail-automation/test/spec-2.js:22:21)
                    at processTicksAndRejections (node:internal/process/task_queues:96:5)
                From: Task: Run it("test-a-1") in control flow
                    at UserContext.&lt;anonymous> (/usr/lib/node_modules/protractor/node_modules/jasminewd2/index.js:94:19)
                    at attempt (/usr/lib/node_modules/protractor/node_modules/jasmine-core/lib/jasmine-core/jasmine.js:4297:26)
                    at QueueRunner.run (/usr/lib/node_modules/protractor/node_modules/jasmine-core/lib/jasmine-core/jasmine.js:4217:20)
                    at runNext (/usr/lib/node_modules/protractor/node_modules/jasmine-core/lib/jasmine-core/jasmine.js:4257:20)
                    at /usr/lib/node_modules/protractor/node_modules/jasmine-core/lib/jasmine-core/jasmine.js:4264:13
                    at /usr/lib/node_modules/protractor/node_modules/jasmine-core/lib/jasmine-core/jasmine.js:4172:9
                    at /usr/lib/node_modules/protractor/node_modules/jasminewd2/index.js:64:48
                    at ControlFlow.emit (/usr/lib/node_modules/protractor/node_modules/selenium-webdriver/lib/events.js:62:21)
                    at ControlFlow.shutdown_ (/usr/lib/node_modules/protractor/node_modules/selenium-webdriver/lib/promise.js:2674:10)
                    at /usr/lib/node_modules/protractor/node_modules/selenium-webdriver/lib/promise.js:2599:53
                From asynchronous test: 
                Error
                    at Suite.&lt;anonymous> (/home/nivrithi/nanda/git/protractor/gmail-automation/test/spec-2.js:16:3)
                    at addSpecsToSuite (/usr/lib/node_modules/protractor/node_modules/jasmine-core/lib/jasmine-core/jasmine.js:1107:25)
                    at Env.describe (/usr/lib/node_modules/protractor/node_modules/jasmine-core/lib/jasmine-core/jasmine.js:1074:7)
                    at describe (/usr/lib/node_modules/protractor/node_modules/jasmine-core/lib/jasmine-core/jasmine.js:4399:18)
                    at Object.&lt;anonymous> (/home/nivrithi/nanda/git/protractor/gmail-automation/test/spec-2.js:8:1)
                    at Module._compile (node:internal/modules/cjs/loader:1155:14)
                    at Object.Module._extensions..js (node:internal/modules/cjs/loader:1209:10)
                    at Module.load (node:internal/modules/cjs/loader:1033:32)
                    at Function.Module._load (node:internal/modules/cjs/loader:868:12)</stack-trace>
            </failure>
        </test-case>
        <test-case start='1676448331785' status='failed' stop='1676448336872'>
            <name>test-a-2</name>
            <title>test-a-2</title>
            <labels/>
            <parameters/>
            <steps/>
            <attachments>
                <attachment title='Screenshot' source='e21e4a44-b465-46a6-af21-75a80b36b162-attachment.png' type='image/png' size='58207'/>
            </attachments>
            <failure>
                <message>Failed: No element found using locator: By(css selector, [name="Passwd"])</message>
                <stack-trace>NoSuchElementError: No element found using locator: By(css selector, [name="Passwd"])
                    at /usr/lib/node_modules/protractor/built/element.js:814:27
                    at ManagedPromise.invokeCallback_ (/usr/lib/node_modules/protractor/node_modules/selenium-webdriver/lib/promise.js:1376:14)
                    at TaskQueue.execute_ (/usr/lib/node_modules/protractor/node_modules/selenium-webdriver/lib/promise.js:3084:14)
                    at TaskQueue.executeNext_ (/usr/lib/node_modules/protractor/node_modules/selenium-webdriver/lib/promise.js:3067:27)
                    at /usr/lib/node_modules/protractor/node_modules/selenium-webdriver/lib/promise.js:2927:27
                    at /usr/lib/node_modules/protractor/node_modules/selenium-webdriver/lib/promise.js:668:7
                    at processTicksAndRejections (node:internal/process/task_queues:96:5)Error
                    at ElementArrayFinder.applyAction_ (/usr/lib/node_modules/protractor/built/element.js:459:27)
                    at ElementArrayFinder.&lt;computed> [as sendKeys] (/usr/lib/node_modules/protractor/built/element.js:91:29)
                    at ElementFinder.&lt;computed> [as sendKeys] (/usr/lib/node_modules/protractor/built/element.js:831:22)
                    at LoginPage.enterPassword (/home/nivrithi/nanda/git/protractor/gmail-automation/pages/loginPage.js:19:38)
                    at UserContext.&lt;anonymous> (/home/nivrithi/nanda/git/protractor/gmail-automation/test/spec-2.js:31:21)
                    at processTicksAndRejections (node:internal/process/task_queues:96:5)
                From: Task: Run it("test-a-2") in control flow
                    at UserContext.&lt;anonymous> (/usr/lib/node_modules/protractor/node_modules/jasminewd2/index.js:94:19)
                    at attempt (/usr/lib/node_modules/protractor/node_modules/jasmine-core/lib/jasmine-core/jasmine.js:4297:26)
                    at QueueRunner.run (/usr/lib/node_modules/protractor/node_modules/jasmine-core/lib/jasmine-core/jasmine.js:4217:20)
                    at runNext (/usr/lib/node_modules/protractor/node_modules/jasmine-core/lib/jasmine-core/jasmine.js:4257:20)
                    at /usr/lib/node_modules/protractor/node_modules/jasmine-core/lib/jasmine-core/jasmine.js:4264:13
                    at /usr/lib/node_modules/protractor/node_modules/jasmine-core/lib/jasmine-core/jasmine.js:4172:9
                    at /usr/lib/node_modules/protractor/node_modules/jasminewd2/index.js:64:48
                    at ControlFlow.emit (/usr/lib/node_modules/protractor/node_modules/selenium-webdriver/lib/events.js:62:21)
                    at ControlFlow.shutdown_ (/usr/lib/node_modules/protractor/node_modules/selenium-webdriver/lib/promise.js:2674:10)
                    at /usr/lib/node_modules/protractor/node_modules/selenium-webdriver/lib/promise.js:2599:53
                From asynchronous test: 
                Error
                    at Suite.&lt;anonymous> (/home/nivrithi/nanda/git/protractor/gmail-automation/test/spec-2.js:25:3)
                    at addSpecsToSuite (/usr/lib/node_modules/protractor/node_modules/jasmine-core/lib/jasmine-core/jasmine.js:1107:25)
                    at Env.describe (/usr/lib/node_modules/protractor/node_modules/jasmine-core/lib/jasmine-core/jasmine.js:1074:7)
                    at describe (/usr/lib/node_modules/protractor/node_modules/jasmine-core/lib/jasmine-core/jasmine.js:4399:18)
                    at Object.&lt;anonymous> (/home/nivrithi/nanda/git/protractor/gmail-automation/test/spec-2.js:8:1)
                    at Module._compile (node:internal/modules/cjs/loader:1155:14)
                    at Object.Module._extensions..js (node:internal/modules/cjs/loader:1209:10)
                    at Module.load (node:internal/modules/cjs/loader:1033:32)
                    at Function.Module._load (node:internal/modules/cjs/loader:868:12)</stack-trace>
            </failure>
        </test-case>
        <test-case start='1676448336872' status='failed' stop='1676448341363'>
            <name>test-a-3</name>
            <title>test-a-3</title>
            <labels/>
            <parameters/>
            <steps/>
            <attachments>
                <attachment title='Screenshot' source='ec552376-21e1-4ae2-a068-3c21828e1693-attachment.png' type='image/png' size='59363'/>
            </attachments>
            <failure>
                <message>Failed: No element found using locator: By(css selector, [name="Passwd"])</message>
                <stack-trace>NoSuchElementError: No element found using locator: By(css selector, [name="Passwd"])
                    at /usr/lib/node_modules/protractor/built/element.js:814:27
                    at ManagedPromise.invokeCallback_ (/usr/lib/node_modules/protractor/node_modules/selenium-webdriver/lib/promise.js:1376:14)
                    at TaskQueue.execute_ (/usr/lib/node_modules/protractor/node_modules/selenium-webdriver/lib/promise.js:3084:14)
                    at TaskQueue.executeNext_ (/usr/lib/node_modules/protractor/node_modules/selenium-webdriver/lib/promise.js:3067:27)
                    at /usr/lib/node_modules/protractor/node_modules/selenium-webdriver/lib/promise.js:2927:27
                    at /usr/lib/node_modules/protractor/node_modules/selenium-webdriver/lib/promise.js:668:7
                    at processTicksAndRejections (node:internal/process/task_queues:96:5)Error
                    at ElementArrayFinder.applyAction_ (/usr/lib/node_modules/protractor/built/element.js:459:27)
                    at ElementArrayFinder.&lt;computed> [as sendKeys] (/usr/lib/node_modules/protractor/built/element.js:91:29)
                    at ElementFinder.&lt;computed> [as sendKeys] (/usr/lib/node_modules/protractor/built/element.js:831:22)
                    at LoginPage.enterPassword (/home/nivrithi/nanda/git/protractor/gmail-automation/pages/loginPage.js:19:38)
                    at UserContext.&lt;anonymous> (/home/nivrithi/nanda/git/protractor/gmail-automation/test/spec-2.js:40:21)
                    at processTicksAndRejections (node:internal/process/task_queues:96:5)
                From: Task: Run it("test-a-3") in control flow
                    at UserContext.&lt;anonymous> (/usr/lib/node_modules/protractor/node_modules/jasminewd2/index.js:94:19)
                    at attempt (/usr/lib/node_modules/protractor/node_modules/jasmine-core/lib/jasmine-core/jasmine.js:4297:26)
                    at QueueRunner.run (/usr/lib/node_modules/protractor/node_modules/jasmine-core/lib/jasmine-core/jasmine.js:4217:20)
                    at runNext (/usr/lib/node_modules/protractor/node_modules/jasmine-core/lib/jasmine-core/jasmine.js:4257:20)
                    at /usr/lib/node_modules/protractor/node_modules/jasmine-core/lib/jasmine-core/jasmine.js:4264:13
                    at /usr/lib/node_modules/protractor/node_modules/jasmine-core/lib/jasmine-core/jasmine.js:4172:9
                    at /usr/lib/node_modules/protractor/node_modules/jasminewd2/index.js:64:48
                    at ControlFlow.emit (/usr/lib/node_modules/protractor/node_modules/selenium-webdriver/lib/events.js:62:21)
                    at ControlFlow.shutdown_ (/usr/lib/node_modules/protractor/node_modules/selenium-webdriver/lib/promise.js:2674:10)
                    at /usr/lib/node_modules/protractor/node_modules/selenium-webdriver/lib/promise.js:2599:53
                From asynchronous test: 
                Error
                    at Suite.&lt;anonymous> (/home/nivrithi/nanda/git/protractor/gmail-automation/test/spec-2.js:34:3)
                    at addSpecsToSuite (/usr/lib/node_modules/protractor/node_modules/jasmine-core/lib/jasmine-core/jasmine.js:1107:25)
                    at Env.describe (/usr/lib/node_modules/protractor/node_modules/jasmine-core/lib/jasmine-core/jasmine.js:1074:7)
                    at describe (/usr/lib/node_modules/protractor/node_modules/jasmine-core/lib/jasmine-core/jasmine.js:4399:18)
                    at Object.&lt;anonymous> (/home/nivrithi/nanda/git/protractor/gmail-automation/test/spec-2.js:8:1)
                    at Module._compile (node:internal/modules/cjs/loader:1155:14)
                    at Object.Module._extensions..js (node:internal/modules/cjs/loader:1209:10)
                    at Module.load (node:internal/modules/cjs/loader:1033:32)
                    at Function.Module._load (node:internal/modules/cjs/loader:868:12)</stack-trace>
            </failure>
        </test-case>
    </test-cases>
</ns2:test-suite>